2017-03-11 23:18:10,375 [Worker-0] INFO  o.e.m.c.i.l.LifecycleMappingFactory - Using org.eclipse.m2e.jdt.JarLifecycleMapping lifecycle mapping for MavenProject: learnAutomation:learnAutomation:0.0.1-SNAPSHOT @ C:\Users\Roland\workspace\learnAutomation\pom.xml.
2017-03-11 23:18:11,266 [Worker-0] INFO  o.e.m.j.i.AbstractJavaProjectConfigurator - Adding source folder /learnAutomation/src/main/java
2017-03-11 23:18:11,269 [Worker-0] INFO  o.e.m.j.i.AbstractJavaProjectConfigurator - Adding resource folder /learnAutomation/src/main/resources
2017-03-11 23:18:11,270 [Worker-0] INFO  o.e.m.j.i.AbstractJavaProjectConfigurator - Adding source folder /learnAutomation/src/test/java
2017-03-11 23:18:11,271 [Worker-0] INFO  o.e.m.j.i.AbstractJavaProjectConfigurator - Adding resource folder /learnAutomation/src/test/resources
2017-03-11 23:18:12,786 [Worker-4] WARN  o.e.m.c.i.embedder.EclipseLogger - Using platform encoding (Cp1252 actually) to copy filtered resources, i.e. build is platform dependent!
2017-03-11 23:18:12,797 [Worker-4] INFO  o.e.m.c.i.embedder.EclipseLogger - Copying 0 resource
2017-03-11 23:18:12,800 [Worker-4] WARN  o.e.m.c.i.embedder.EclipseLogger - Using platform encoding (Cp1252 actually) to copy filtered resources, i.e. build is platform dependent!
2017-03-11 23:18:12,801 [Worker-4] INFO  o.e.m.c.i.embedder.EclipseLogger - Copying 0 resource
2017-03-11 23:18:50,438 [Worker-1] INFO  o.e.m.c.i.l.LifecycleMappingFactory - Using org.eclipse.m2e.jdt.JarLifecycleMapping lifecycle mapping for MavenProject: learnAutomation:learnAutomation:0.0.1-SNAPSHOT @ C:\Users\Roland\workspace\learnAutomation\pom.xml.
2017-03-11 23:18:51,418 [Worker-1] WARN  o.e.m.c.i.embedder.EclipseLogger - Using platform encoding (Cp1252 actually) to copy filtered resources, i.e. build is platform dependent!
2017-03-11 23:18:51,435 [Worker-1] INFO  o.e.m.c.i.embedder.EclipseLogger - Copying 0 resource
2017-03-11 23:18:51,437 [Worker-1] WARN  o.e.m.c.i.embedder.EclipseLogger - Using platform encoding (Cp1252 actually) to copy filtered resources, i.e. build is platform dependent!
2017-03-11 23:18:51,439 [Worker-1] INFO  o.e.m.c.i.embedder.EclipseLogger - Copying 0 resource
2017-03-11 23:18:53,308 [Worker-9] WARN  o.e.m.c.i.embedder.EclipseLogger - Using platform encoding (Cp1252 actually) to copy filtered resources, i.e. build is platform dependent!
2017-03-11 23:18:53,312 [Worker-9] INFO  o.e.m.c.i.embedder.EclipseLogger - Copying 0 resource
2017-03-11 23:18:53,314 [Worker-9] WARN  o.e.m.c.i.embedder.EclipseLogger - Using platform encoding (Cp1252 actually) to copy filtered resources, i.e. build is platform dependent!
2017-03-11 23:18:53,315 [Worker-9] INFO  o.e.m.c.i.embedder.EclipseLogger - Copying 0 resource
2017-03-11 23:25:25,084 [Worker-14] WARN  o.e.m.c.i.embedder.EclipseLogger - Using platform encoding (Cp1252 actually) to copy filtered resources, i.e. build is platform dependent!
2017-03-11 23:25:25,086 [Worker-14] INFO  o.e.m.c.i.embedder.EclipseLogger - Copying 0 resource
2017-03-11 23:25:25,088 [Worker-14] WARN  o.e.m.c.i.embedder.EclipseLogger - Using platform encoding (Cp1252 actually) to copy filtered resources, i.e. build is platform dependent!
2017-03-11 23:25:25,092 [Worker-14] INFO  o.e.m.c.i.embedder.EclipseLogger - Copying 0 resource
2017-03-11 23:29:32,741 [Worker-1] WARN  o.e.m.c.i.embedder.EclipseLogger - Using platform encoding (Cp1252 actually) to copy filtered resources, i.e. build is platform dependent!
2017-03-11 23:29:32,754 [Worker-1] INFO  o.e.m.c.i.embedder.EclipseLogger - Copying 0 resource
2017-03-11 23:29:32,757 [Worker-1] WARN  o.e.m.c.i.embedder.EclipseLogger - Using platform encoding (Cp1252 actually) to copy filtered resources, i.e. build is platform dependent!
2017-03-11 23:29:32,766 [Worker-1] INFO  o.e.m.c.i.embedder.EclipseLogger - Copying 0 resource
2017-03-11 23:29:59,922 [Worker-6] WARN  o.e.m.c.i.embedder.EclipseLogger - Using platform encoding (Cp1252 actually) to copy filtered resources, i.e. build is platform dependent!
2017-03-11 23:29:59,927 [Worker-6] INFO  o.e.m.c.i.embedder.EclipseLogger - Copying 0 resource
2017-03-11 23:29:59,930 [Worker-6] WARN  o.e.m.c.i.embedder.EclipseLogger - Using platform encoding (Cp1252 actually) to copy filtered resources, i.e. build is platform dependent!
2017-03-11 23:29:59,933 [Worker-6] INFO  o.e.m.c.i.embedder.EclipseLogger - Copying 1 resource
2017-03-11 23:37:09,393 [Worker-10] WARN  o.e.m.c.i.embedder.EclipseLogger - Using platform encoding (Cp1252 actually) to copy filtered resources, i.e. build is platform dependent!
2017-03-11 23:37:09,397 [Worker-10] INFO  o.e.m.c.i.embedder.EclipseLogger - Copying 0 resource
2017-03-11 23:37:09,402 [Worker-10] WARN  o.e.m.c.i.embedder.EclipseLogger - Using platform encoding (Cp1252 actually) to copy filtered resources, i.e. build is platform dependent!
2017-03-11 23:37:09,414 [Worker-10] INFO  o.e.m.c.i.embedder.EclipseLogger - Copying 1 resource
2017-03-11 23:38:03,692 [Worker-10] WARN  o.e.m.c.i.embedder.EclipseLogger - Using platform encoding (Cp1252 actually) to copy filtered resources, i.e. build is platform dependent!
2017-03-11 23:38:03,693 [Worker-10] INFO  o.e.m.c.i.embedder.EclipseLogger - Copying 0 resource
2017-03-11 23:38:03,695 [Worker-10] WARN  o.e.m.c.i.embedder.EclipseLogger - Using platform encoding (Cp1252 actually) to copy filtered resources, i.e. build is platform dependent!
2017-03-11 23:38:03,697 [Worker-10] INFO  o.e.m.c.i.embedder.EclipseLogger - Copying 1 resource
2017-03-11 23:55:22,627 [Worker-24] WARN  o.e.m.c.i.embedder.EclipseLogger - Using platform encoding (Cp1252 actually) to copy filtered resources, i.e. build is platform dependent!
2017-03-11 23:55:22,629 [Worker-24] INFO  o.e.m.c.i.embedder.EclipseLogger - Copying 0 resource
2017-03-11 23:55:22,631 [Worker-24] WARN  o.e.m.c.i.embedder.EclipseLogger - Using platform encoding (Cp1252 actually) to copy filtered resources, i.e. build is platform dependent!
2017-03-11 23:55:22,633 [Worker-24] INFO  o.e.m.c.i.embedder.EclipseLogger - Copying 1 resource
2017-03-11 23:57:11,481 [Worker-31] WARN  o.e.m.c.i.embedder.EclipseLogger - Using platform encoding (Cp1252 actually) to copy filtered resources, i.e. build is platform dependent!
2017-03-11 23:57:11,483 [Worker-31] INFO  o.e.m.c.i.embedder.EclipseLogger - Copying 0 resource
2017-03-11 23:57:11,485 [Worker-31] WARN  o.e.m.c.i.embedder.EclipseLogger - Using platform encoding (Cp1252 actually) to copy filtered resources, i.e. build is platform dependent!
2017-03-11 23:57:11,489 [Worker-31] INFO  o.e.m.c.i.embedder.EclipseLogger - Copying 1 resource
2017-03-12 00:12:03,903 [Worker-34] WARN  o.e.m.c.i.embedder.EclipseLogger - Using platform encoding (Cp1252 actually) to copy filtered resources, i.e. build is platform dependent!
2017-03-12 00:12:03,906 [Worker-34] INFO  o.e.m.c.i.embedder.EclipseLogger - Copying 0 resource
2017-03-12 00:12:03,908 [Worker-34] WARN  o.e.m.c.i.embedder.EclipseLogger - Using platform encoding (Cp1252 actually) to copy filtered resources, i.e. build is platform dependent!
2017-03-12 00:12:03,912 [Worker-34] INFO  o.e.m.c.i.embedder.EclipseLogger - Copying 1 resource
2017-03-12 00:24:31,076 [Worker-39] WARN  o.e.m.c.i.embedder.EclipseLogger - Using platform encoding (Cp1252 actually) to copy filtered resources, i.e. build is platform dependent!
2017-03-12 00:24:31,078 [Worker-39] INFO  o.e.m.c.i.embedder.EclipseLogger - Copying 0 resource
2017-03-12 00:24:31,082 [Worker-39] WARN  o.e.m.c.i.embedder.EclipseLogger - Using platform encoding (Cp1252 actually) to copy filtered resources, i.e. build is platform dependent!
2017-03-12 00:24:31,085 [Worker-39] INFO  o.e.m.c.i.embedder.EclipseLogger - Copying 1 resource
2017-03-12 00:24:45,136 [Worker-41] WARN  o.e.m.c.i.embedder.EclipseLogger - Using platform encoding (Cp1252 actually) to copy filtered resources, i.e. build is platform dependent!
2017-03-12 00:24:45,138 [Worker-41] INFO  o.e.m.c.i.embedder.EclipseLogger - Copying 0 resource
2017-03-12 00:24:45,140 [Worker-41] WARN  o.e.m.c.i.embedder.EclipseLogger - Using platform encoding (Cp1252 actually) to copy filtered resources, i.e. build is platform dependent!
2017-03-12 00:24:45,143 [Worker-41] INFO  o.e.m.c.i.embedder.EclipseLogger - Copying 1 resource
2017-03-12 00:47:16,734 [Worker-40] WARN  o.e.m.c.i.embedder.EclipseLogger - Using platform encoding (Cp1252 actually) to copy filtered resources, i.e. build is platform dependent!
2017-03-12 00:47:16,736 [Worker-40] INFO  o.e.m.c.i.embedder.EclipseLogger - Copying 0 resource
2017-03-12 00:47:16,738 [Worker-40] WARN  o.e.m.c.i.embedder.EclipseLogger - Using platform encoding (Cp1252 actually) to copy filtered resources, i.e. build is platform dependent!
2017-03-12 00:47:16,742 [Worker-40] INFO  o.e.m.c.i.embedder.EclipseLogger - Copying 1 resource
2017-03-12 00:54:36,097 [Worker-52] WARN  o.e.m.c.i.embedder.EclipseLogger - Using platform encoding (Cp1252 actually) to copy filtered resources, i.e. build is platform dependent!
2017-03-12 00:54:36,099 [Worker-52] INFO  o.e.m.c.i.embedder.EclipseLogger - Copying 0 resource
2017-03-12 00:54:36,099 [Worker-52] WARN  o.e.m.c.i.embedder.EclipseLogger - Using platform encoding (Cp1252 actually) to copy filtered resources, i.e. build is platform dependent!
2017-03-12 00:54:36,104 [Worker-52] INFO  o.e.m.c.i.embedder.EclipseLogger - Copying 1 resource
2017-03-12 00:58:12,903 [Worker-52] WARN  o.e.m.c.i.embedder.EclipseLogger - Using platform encoding (Cp1252 actually) to copy filtered resources, i.e. build is platform dependent!
2017-03-12 00:58:12,905 [Worker-52] INFO  o.e.m.c.i.embedder.EclipseLogger - Copying 0 resource
2017-03-12 00:58:12,907 [Worker-52] WARN  o.e.m.c.i.embedder.EclipseLogger - Using platform encoding (Cp1252 actually) to copy filtered resources, i.e. build is platform dependent!
2017-03-12 00:58:12,915 [Worker-52] INFO  o.e.m.c.i.embedder.EclipseLogger - Copying 1 resource
2017-03-12 01:06:45,322 [Worker-56] WARN  o.e.m.c.i.embedder.EclipseLogger - Using platform encoding (Cp1252 actually) to copy filtered resources, i.e. build is platform dependent!
2017-03-12 01:06:45,325 [Worker-56] INFO  o.e.m.c.i.embedder.EclipseLogger - Copying 0 resource
2017-03-12 01:06:45,328 [Worker-56] WARN  o.e.m.c.i.embedder.EclipseLogger - Using platform encoding (Cp1252 actually) to copy filtered resources, i.e. build is platform dependent!
2017-03-12 01:06:45,331 [Worker-56] INFO  o.e.m.c.i.embedder.EclipseLogger - Copying 1 resource
2017-03-12 01:07:07,927 [Worker-58] WARN  o.e.m.c.i.embedder.EclipseLogger - Using platform encoding (Cp1252 actually) to copy filtered resources, i.e. build is platform dependent!
2017-03-12 01:07:07,929 [Worker-58] INFO  o.e.m.c.i.embedder.EclipseLogger - Copying 0 resource
2017-03-12 01:07:07,931 [Worker-58] WARN  o.e.m.c.i.embedder.EclipseLogger - Using platform encoding (Cp1252 actually) to copy filtered resources, i.e. build is platform dependent!
2017-03-12 01:07:07,934 [Worker-58] INFO  o.e.m.c.i.embedder.EclipseLogger - Copying 1 resource
2017-03-12 01:11:02,860 [Worker-61] WARN  o.e.m.c.i.embedder.EclipseLogger - Using platform encoding (Cp1252 actually) to copy filtered resources, i.e. build is platform dependent!
2017-03-12 01:11:02,868 [Worker-61] INFO  o.e.m.c.i.embedder.EclipseLogger - Copying 0 resource
2017-03-12 01:11:02,873 [Worker-61] WARN  o.e.m.c.i.embedder.EclipseLogger - Using platform encoding (Cp1252 actually) to copy filtered resources, i.e. build is platform dependent!
2017-03-12 01:11:02,877 [Worker-61] INFO  o.e.m.c.i.embedder.EclipseLogger - Copying 1 resource
2017-03-12 01:11:24,869 [Worker-61] WARN  o.e.m.c.i.embedder.EclipseLogger - Using platform encoding (Cp1252 actually) to copy filtered resources, i.e. build is platform dependent!
2017-03-12 01:11:24,886 [Worker-61] INFO  o.e.m.c.i.embedder.EclipseLogger - Copying 0 resource
2017-03-12 01:11:24,890 [Worker-61] WARN  o.e.m.c.i.embedder.EclipseLogger - Using platform encoding (Cp1252 actually) to copy filtered resources, i.e. build is platform dependent!
2017-03-12 01:11:24,892 [Worker-61] INFO  o.e.m.c.i.embedder.EclipseLogger - Copying 1 resource
2017-03-12 01:11:37,258 [Worker-55] WARN  o.e.m.c.i.embedder.EclipseLogger - Using platform encoding (Cp1252 actually) to copy filtered resources, i.e. build is platform dependent!
2017-03-12 01:11:37,260 [Worker-55] INFO  o.e.m.c.i.embedder.EclipseLogger - Copying 0 resource
2017-03-12 01:11:37,263 [Worker-55] WARN  o.e.m.c.i.embedder.EclipseLogger - Using platform encoding (Cp1252 actually) to copy filtered resources, i.e. build is platform dependent!
2017-03-12 01:11:37,265 [Worker-55] INFO  o.e.m.c.i.embedder.EclipseLogger - Copying 1 resource
2017-03-12 01:12:40,856 [Worker-61] WARN  o.e.m.c.i.embedder.EclipseLogger - Using platform encoding (Cp1252 actually) to copy filtered resources, i.e. build is platform dependent!
2017-03-12 01:12:40,857 [Worker-61] INFO  o.e.m.c.i.embedder.EclipseLogger - Copying 0 resource
2017-03-12 01:12:40,859 [Worker-61] WARN  o.e.m.c.i.embedder.EclipseLogger - Using platform encoding (Cp1252 actually) to copy filtered resources, i.e. build is platform dependent!
2017-03-12 01:12:40,861 [Worker-61] INFO  o.e.m.c.i.embedder.EclipseLogger - Copying 1 resource
2017-03-12 01:12:43,465 [Worker-58] WARN  o.e.m.c.i.embedder.EclipseLogger - Using platform encoding (Cp1252 actually) to copy filtered resources, i.e. build is platform dependent!
2017-03-12 01:12:43,467 [Worker-58] INFO  o.e.m.c.i.embedder.EclipseLogger - Copying 0 resource
2017-03-12 01:12:43,469 [Worker-58] WARN  o.e.m.c.i.embedder.EclipseLogger - Using platform encoding (Cp1252 actually) to copy filtered resources, i.e. build is platform dependent!
2017-03-12 01:12:43,472 [Worker-58] INFO  o.e.m.c.i.embedder.EclipseLogger - Copying 1 resource
2017-03-12 01:12:51,925 [Worker-64] WARN  o.e.m.c.i.embedder.EclipseLogger - Using platform encoding (Cp1252 actually) to copy filtered resources, i.e. build is platform dependent!
2017-03-12 01:12:51,927 [Worker-64] INFO  o.e.m.c.i.embedder.EclipseLogger - Copying 0 resource
2017-03-12 01:12:51,929 [Worker-64] WARN  o.e.m.c.i.embedder.EclipseLogger - Using platform encoding (Cp1252 actually) to copy filtered resources, i.e. build is platform dependent!
2017-03-12 01:12:51,932 [Worker-64] INFO  o.e.m.c.i.embedder.EclipseLogger - Copying 1 resource
2017-03-12 01:14:08,749 [Worker-63] WARN  o.e.m.c.i.embedder.EclipseLogger - Using platform encoding (Cp1252 actually) to copy filtered resources, i.e. build is platform dependent!
2017-03-12 01:14:08,751 [Worker-63] INFO  o.e.m.c.i.embedder.EclipseLogger - Copying 0 resource
2017-03-12 01:14:08,753 [Worker-63] WARN  o.e.m.c.i.embedder.EclipseLogger - Using platform encoding (Cp1252 actually) to copy filtered resources, i.e. build is platform dependent!
2017-03-12 01:14:08,756 [Worker-63] INFO  o.e.m.c.i.embedder.EclipseLogger - Copying 1 resource
2017-03-12 09:26:34,666 [Worker-109] INFO  o.e.m.i.launch.MavenLaunchDelegate - C:\Users\Roland\workspace\learnAutomation
2017-03-12 09:26:34,671 [Worker-109] INFO  o.e.m.i.launch.MavenLaunchDelegate -  mvn -B test
2017-03-12 10:55:55,086 [Worker-140] WARN  o.e.m.c.i.embedder.EclipseLogger - Using platform encoding (Cp1252 actually) to copy filtered resources, i.e. build is platform dependent!
2017-03-12 10:55:55,112 [Worker-140] INFO  o.e.m.c.i.embedder.EclipseLogger - Copying 0 resource
2017-03-12 10:55:55,114 [Worker-140] WARN  o.e.m.c.i.embedder.EclipseLogger - Using platform encoding (Cp1252 actually) to copy filtered resources, i.e. build is platform dependent!
2017-03-12 10:55:55,117 [Worker-140] INFO  o.e.m.c.i.embedder.EclipseLogger - Copying 1 resource
2017-03-12 12:28:08,299 [Worker-173] WARN  o.e.m.c.i.embedder.EclipseLogger - Using platform encoding (Cp1252 actually) to copy filtered resources, i.e. build is platform dependent!
2017-03-12 12:28:08,304 [Worker-173] INFO  o.e.m.c.i.embedder.EclipseLogger - Copying 0 resource
2017-03-12 12:28:08,305 [Worker-173] WARN  o.e.m.c.i.embedder.EclipseLogger - Using platform encoding (Cp1252 actually) to copy filtered resources, i.e. build is platform dependent!
2017-03-12 12:28:08,307 [Worker-173] INFO  o.e.m.c.i.embedder.EclipseLogger - Copying 1 resource
2017-03-12 12:28:25,895 [Worker-175] WARN  o.e.m.c.i.embedder.EclipseLogger - Using platform encoding (Cp1252 actually) to copy filtered resources, i.e. build is platform dependent!
2017-03-12 12:28:25,897 [Worker-175] INFO  o.e.m.c.i.embedder.EclipseLogger - Copying 0 resource
2017-03-12 12:28:25,899 [Worker-175] WARN  o.e.m.c.i.embedder.EclipseLogger - Using platform encoding (Cp1252 actually) to copy filtered resources, i.e. build is platform dependent!
2017-03-12 12:28:25,902 [Worker-175] INFO  o.e.m.c.i.embedder.EclipseLogger - Copying 1 resource
2017-03-12 20:10:11,847 [Worker-14] WARN  o.e.m.c.i.embedder.EclipseLogger - Using platform encoding (Cp1252 actually) to copy filtered resources, i.e. build is platform dependent!
2017-03-12 20:10:11,876 [Worker-14] INFO  o.e.m.c.i.embedder.EclipseLogger - Copying 0 resource
2017-03-12 20:10:11,879 [Worker-14] WARN  o.e.m.c.i.embedder.EclipseLogger - Using platform encoding (Cp1252 actually) to copy filtered resources, i.e. build is platform dependent!
2017-03-12 20:10:11,881 [Worker-14] INFO  o.e.m.c.i.embedder.EclipseLogger - Copying 1 resource
2017-03-12 20:13:44,654 [Worker-19] WARN  o.e.m.c.i.embedder.EclipseLogger - Using platform encoding (Cp1252 actually) to copy filtered resources, i.e. build is platform dependent!
2017-03-12 20:13:44,659 [Worker-19] INFO  o.e.m.c.i.embedder.EclipseLogger - Copying 0 resource
2017-03-12 20:13:44,662 [Worker-19] WARN  o.e.m.c.i.embedder.EclipseLogger - Using platform encoding (Cp1252 actually) to copy filtered resources, i.e. build is platform dependent!
2017-03-12 20:13:44,667 [Worker-19] INFO  o.e.m.c.i.embedder.EclipseLogger - Copying 1 resource
2017-03-12 20:25:07,578 [Worker-28] WARN  o.e.m.c.i.embedder.EclipseLogger - Using platform encoding (Cp1252 actually) to copy filtered resources, i.e. build is platform dependent!
2017-03-12 20:25:07,579 [Worker-28] INFO  o.e.m.c.i.embedder.EclipseLogger - Copying 0 resource
2017-03-12 20:25:07,581 [Worker-28] WARN  o.e.m.c.i.embedder.EclipseLogger - Using platform encoding (Cp1252 actually) to copy filtered resources, i.e. build is platform dependent!
2017-03-12 20:25:07,584 [Worker-28] INFO  o.e.m.c.i.embedder.EclipseLogger - Copying 1 resource
2017-03-12 20:25:22,138 [Worker-25] WARN  o.e.m.c.i.embedder.EclipseLogger - Using platform encoding (Cp1252 actually) to copy filtered resources, i.e. build is platform dependent!
2017-03-12 20:25:22,141 [Worker-25] INFO  o.e.m.c.i.embedder.EclipseLogger - Copying 0 resource
2017-03-12 20:25:22,142 [Worker-25] WARN  o.e.m.c.i.embedder.EclipseLogger - Using platform encoding (Cp1252 actually) to copy filtered resources, i.e. build is platform dependent!
2017-03-12 20:25:22,145 [Worker-25] INFO  o.e.m.c.i.embedder.EclipseLogger - Copying 1 resource
2017-03-12 20:30:10,582 [Worker-24] WARN  o.e.m.c.i.embedder.EclipseLogger - Using platform encoding (Cp1252 actually) to copy filtered resources, i.e. build is platform dependent!
2017-03-12 20:30:10,583 [Worker-24] INFO  o.e.m.c.i.embedder.EclipseLogger - Copying 0 resource
2017-03-12 20:30:10,585 [Worker-24] WARN  o.e.m.c.i.embedder.EclipseLogger - Using platform encoding (Cp1252 actually) to copy filtered resources, i.e. build is platform dependent!
2017-03-12 20:30:10,589 [Worker-24] INFO  o.e.m.c.i.embedder.EclipseLogger - Copying 1 resource
2017-03-12 20:31:20,156 [Worker-32] WARN  o.e.m.c.i.embedder.EclipseLogger - Using platform encoding (Cp1252 actually) to copy filtered resources, i.e. build is platform dependent!
2017-03-12 20:31:20,157 [Worker-32] INFO  o.e.m.c.i.embedder.EclipseLogger - Copying 0 resource
2017-03-12 20:31:20,159 [Worker-32] WARN  o.e.m.c.i.embedder.EclipseLogger - Using platform encoding (Cp1252 actually) to copy filtered resources, i.e. build is platform dependent!
2017-03-12 20:31:20,161 [Worker-32] INFO  o.e.m.c.i.embedder.EclipseLogger - Copying 1 resource
2017-03-12 20:37:04,536 [Worker-37] WARN  o.e.m.c.i.embedder.EclipseLogger - Using platform encoding (Cp1252 actually) to copy filtered resources, i.e. build is platform dependent!
2017-03-12 20:37:04,539 [Worker-37] INFO  o.e.m.c.i.embedder.EclipseLogger - Copying 0 resource
2017-03-12 20:37:04,541 [Worker-37] WARN  o.e.m.c.i.embedder.EclipseLogger - Using platform encoding (Cp1252 actually) to copy filtered resources, i.e. build is platform dependent!
2017-03-12 20:37:04,544 [Worker-37] INFO  o.e.m.c.i.embedder.EclipseLogger - Copying 1 resource
2017-03-12 20:40:36,354 [Worker-42] WARN  o.e.m.c.i.embedder.EclipseLogger - Using platform encoding (Cp1252 actually) to copy filtered resources, i.e. build is platform dependent!
2017-03-12 20:40:36,357 [Worker-42] INFO  o.e.m.c.i.embedder.EclipseLogger - Copying 0 resource
2017-03-12 20:40:36,362 [Worker-42] WARN  o.e.m.c.i.embedder.EclipseLogger - Using platform encoding (Cp1252 actually) to copy filtered resources, i.e. build is platform dependent!
2017-03-12 20:40:36,365 [Worker-42] INFO  o.e.m.c.i.embedder.EclipseLogger - Copying 1 resource
2017-03-12 20:44:39,799 [Worker-40] WARN  o.e.m.c.i.embedder.EclipseLogger - Using platform encoding (Cp1252 actually) to copy filtered resources, i.e. build is platform dependent!
2017-03-12 20:44:39,801 [Worker-40] INFO  o.e.m.c.i.embedder.EclipseLogger - Copying 0 resource
2017-03-12 20:44:39,802 [Worker-40] WARN  o.e.m.c.i.embedder.EclipseLogger - Using platform encoding (Cp1252 actually) to copy filtered resources, i.e. build is platform dependent!
2017-03-12 20:44:39,805 [Worker-40] INFO  o.e.m.c.i.embedder.EclipseLogger - Copying 1 resource
2017-03-12 20:48:45,507 [Worker-40] WARN  o.e.m.c.i.embedder.EclipseLogger - Using platform encoding (Cp1252 actually) to copy filtered resources, i.e. build is platform dependent!
2017-03-12 20:48:45,509 [Worker-40] INFO  o.e.m.c.i.embedder.EclipseLogger - Copying 0 resource
2017-03-12 20:48:45,510 [Worker-40] WARN  o.e.m.c.i.embedder.EclipseLogger - Using platform encoding (Cp1252 actually) to copy filtered resources, i.e. build is platform dependent!
2017-03-12 20:48:45,513 [Worker-40] INFO  o.e.m.c.i.embedder.EclipseLogger - Copying 1 resource
2017-03-12 20:49:59,735 [Worker-41] WARN  o.e.m.c.i.embedder.EclipseLogger - Using platform encoding (Cp1252 actually) to copy filtered resources, i.e. build is platform dependent!
2017-03-12 20:49:59,737 [Worker-41] INFO  o.e.m.c.i.embedder.EclipseLogger - Copying 0 resource
2017-03-12 20:49:59,738 [Worker-41] WARN  o.e.m.c.i.embedder.EclipseLogger - Using platform encoding (Cp1252 actually) to copy filtered resources, i.e. build is platform dependent!
2017-03-12 20:49:59,740 [Worker-41] INFO  o.e.m.c.i.embedder.EclipseLogger - Copying 1 resource
2017-03-12 20:53:13,963 [Worker-44] WARN  o.e.m.c.i.embedder.EclipseLogger - Using platform encoding (Cp1252 actually) to copy filtered resources, i.e. build is platform dependent!
2017-03-12 20:53:13,965 [Worker-44] INFO  o.e.m.c.i.embedder.EclipseLogger - Copying 0 resource
2017-03-12 20:53:13,966 [Worker-44] WARN  o.e.m.c.i.embedder.EclipseLogger - Using platform encoding (Cp1252 actually) to copy filtered resources, i.e. build is platform dependent!
2017-03-12 20:53:13,968 [Worker-44] INFO  o.e.m.c.i.embedder.EclipseLogger - Copying 1 resource
2017-03-12 20:54:41,519 [Worker-43] INFO  o.e.m.i.launch.MavenLaunchDelegate - C:\Users\Roland\workspace\learnAutomation
2017-03-12 20:54:41,522 [Worker-43] INFO  o.e.m.i.launch.MavenLaunchDelegate -  mvn -B test
2017-03-12 20:54:47,737 [Worker-47] WARN  o.e.m.c.i.embedder.EclipseLogger - Using platform encoding (Cp1252 actually) to copy filtered resources, i.e. build is platform dependent!
2017-03-12 20:54:47,739 [Worker-47] INFO  o.e.m.c.i.embedder.EclipseLogger - Copying 0 resource
2017-03-12 20:54:47,741 [Worker-47] WARN  o.e.m.c.i.embedder.EclipseLogger - Using platform encoding (Cp1252 actually) to copy filtered resources, i.e. build is platform dependent!
2017-03-12 20:54:47,742 [Worker-47] INFO  o.e.m.c.i.embedder.EclipseLogger - Copying 0 resource
2017-03-12 21:20:19,776 [Worker-58] WARN  o.e.m.c.i.embedder.EclipseLogger - Using platform encoding (Cp1252 actually) to copy filtered resources, i.e. build is platform dependent!
2017-03-12 21:20:19,780 [Worker-58] INFO  o.e.m.c.i.embedder.EclipseLogger - Copying 0 resource
2017-03-12 21:20:19,782 [Worker-58] WARN  o.e.m.c.i.embedder.EclipseLogger - Using platform encoding (Cp1252 actually) to copy filtered resources, i.e. build is platform dependent!
2017-03-12 21:20:19,785 [Worker-58] INFO  o.e.m.c.i.embedder.EclipseLogger - Copying 1 resource
2017-03-12 21:20:30,606 [Worker-57] WARN  o.e.m.c.i.embedder.EclipseLogger - Using platform encoding (Cp1252 actually) to copy filtered resources, i.e. build is platform dependent!
2017-03-12 21:20:30,608 [Worker-57] INFO  o.e.m.c.i.embedder.EclipseLogger - Copying 0 resource
2017-03-12 21:20:30,609 [Worker-57] WARN  o.e.m.c.i.embedder.EclipseLogger - Using platform encoding (Cp1252 actually) to copy filtered resources, i.e. build is platform dependent!
2017-03-12 21:20:30,612 [Worker-57] INFO  o.e.m.c.i.embedder.EclipseLogger - Copying 1 resource
2017-03-12 21:20:34,854 [Worker-56] WARN  o.e.m.c.i.embedder.EclipseLogger - Using platform encoding (Cp1252 actually) to copy filtered resources, i.e. build is platform dependent!
2017-03-12 21:20:34,855 [Worker-56] INFO  o.e.m.c.i.embedder.EclipseLogger - Copying 0 resource
2017-03-12 21:20:34,859 [Worker-56] WARN  o.e.m.c.i.embedder.EclipseLogger - Using platform encoding (Cp1252 actually) to copy filtered resources, i.e. build is platform dependent!
2017-03-12 21:20:34,861 [Worker-56] INFO  o.e.m.c.i.embedder.EclipseLogger - Copying 1 resource
2017-03-12 21:20:40,125 [Worker-58] INFO  o.e.m.c.i.l.LifecycleMappingFactory - Using org.eclipse.m2e.jdt.JarLifecycleMapping lifecycle mapping for MavenProject: learnAutomation:learnAutomation:0.0.1-SNAPSHOT @ C:\Users\Roland\workspace\learnAutomation\pom.xml.
2017-03-12 21:20:40,922 [Worker-58] WARN  o.e.m.c.i.embedder.EclipseLogger - Using platform encoding (Cp1252 actually) to copy filtered resources, i.e. build is platform dependent!
2017-03-12 21:20:40,926 [Worker-58] INFO  o.e.m.c.i.embedder.EclipseLogger - Copying 0 resource
2017-03-12 21:20:40,929 [Worker-58] WARN  o.e.m.c.i.embedder.EclipseLogger - Using platform encoding (Cp1252 actually) to copy filtered resources, i.e. build is platform dependent!
2017-03-12 21:20:40,930 [Worker-58] INFO  o.e.m.c.i.embedder.EclipseLogger - Copying 0 resource
2017-03-12 21:20:51,202 [Worker-57] WARN  o.e.m.c.i.embedder.EclipseLogger - Using platform encoding (Cp1252 actually) to copy filtered resources, i.e. build is platform dependent!
2017-03-12 21:20:51,203 [Worker-57] INFO  o.e.m.c.i.embedder.EclipseLogger - Copying 0 resource
2017-03-12 21:20:51,205 [Worker-57] WARN  o.e.m.c.i.embedder.EclipseLogger - Using platform encoding (Cp1252 actually) to copy filtered resources, i.e. build is platform dependent!
2017-03-12 21:20:51,207 [Worker-57] INFO  o.e.m.c.i.embedder.EclipseLogger - Copying 1 resource
2017-03-12 21:23:14,486 [Worker-61] WARN  o.e.m.c.i.embedder.EclipseLogger - Using platform encoding (Cp1252 actually) to copy filtered resources, i.e. build is platform dependent!
2017-03-12 21:23:14,488 [Worker-61] INFO  o.e.m.c.i.embedder.EclipseLogger - Copying 0 resource
2017-03-12 21:23:14,489 [Worker-61] WARN  o.e.m.c.i.embedder.EclipseLogger - Using platform encoding (Cp1252 actually) to copy filtered resources, i.e. build is platform dependent!
2017-03-12 21:23:14,491 [Worker-61] INFO  o.e.m.c.i.embedder.EclipseLogger - Copying 1 resource
2017-03-12 21:23:27,068 [Worker-62] WARN  o.e.m.c.i.embedder.EclipseLogger - Using platform encoding (Cp1252 actually) to copy filtered resources, i.e. build is platform dependent!
2017-03-12 21:23:27,070 [Worker-62] INFO  o.e.m.c.i.embedder.EclipseLogger - Copying 0 resource
2017-03-12 21:23:27,071 [Worker-62] WARN  o.e.m.c.i.embedder.EclipseLogger - Using platform encoding (Cp1252 actually) to copy filtered resources, i.e. build is platform dependent!
2017-03-12 21:23:27,073 [Worker-62] INFO  o.e.m.c.i.embedder.EclipseLogger - Copying 1 resource
2017-03-12 21:31:49,381 [Worker-61] WARN  o.e.m.c.i.embedder.EclipseLogger - Using platform encoding (Cp1252 actually) to copy filtered resources, i.e. build is platform dependent!
2017-03-12 21:31:49,386 [Worker-61] INFO  o.e.m.c.i.embedder.EclipseLogger - Copying 0 resource
2017-03-12 21:31:49,387 [Worker-61] WARN  o.e.m.c.i.embedder.EclipseLogger - Using platform encoding (Cp1252 actually) to copy filtered resources, i.e. build is platform dependent!
2017-03-12 21:31:49,390 [Worker-61] INFO  o.e.m.c.i.embedder.EclipseLogger - Copying 1 resource
2017-03-12 21:34:35,513 [Worker-69] WARN  o.e.m.c.i.embedder.EclipseLogger - Using platform encoding (Cp1252 actually) to copy filtered resources, i.e. build is platform dependent!
2017-03-12 21:34:35,515 [Worker-69] INFO  o.e.m.c.i.embedder.EclipseLogger - skip non existing resourceDirectory C:\Users\Roland\workspace\learnAutomation\src\main\resources
2017-03-12 21:34:35,517 [Worker-69] WARN  o.e.m.c.i.embedder.EclipseLogger - Using platform encoding (Cp1252 actually) to copy filtered resources, i.e. build is platform dependent!
2017-03-12 21:34:35,519 [Worker-69] INFO  o.e.m.c.i.embedder.EclipseLogger - Copying 0 resource
2017-03-12 21:34:42,683 [Worker-70] WARN  o.e.m.c.i.embedder.EclipseLogger - Using platform encoding (Cp1252 actually) to copy filtered resources, i.e. build is platform dependent!
2017-03-12 21:34:42,685 [Worker-70] INFO  o.e.m.c.i.embedder.EclipseLogger - skip non existing resourceDirectory C:\Users\Roland\workspace\learnAutomation\src\main\resources
2017-03-12 21:34:42,687 [Worker-70] WARN  o.e.m.c.i.embedder.EclipseLogger - Using platform encoding (Cp1252 actually) to copy filtered resources, i.e. build is platform dependent!
2017-03-12 21:34:42,689 [Worker-70] INFO  o.e.m.c.i.embedder.EclipseLogger - Copying 1 resource
2017-03-12 21:36:56,665 [Worker-71] WARN  o.e.m.c.i.embedder.EclipseLogger - Using platform encoding (Cp1252 actually) to copy filtered resources, i.e. build is platform dependent!
2017-03-12 21:36:56,668 [Worker-71] INFO  o.e.m.c.i.embedder.EclipseLogger - skip non existing resourceDirectory C:\Users\Roland\workspace\learnAutomation\src\main\resources
2017-03-12 21:36:56,674 [Worker-71] WARN  o.e.m.c.i.embedder.EclipseLogger - Using platform encoding (Cp1252 actually) to copy filtered resources, i.e. build is platform dependent!
2017-03-12 21:36:56,687 [Worker-71] INFO  o.e.m.c.i.embedder.EclipseLogger - Copying 1 resource
2017-03-12 21:41:54,302 [Worker-71] WARN  o.e.m.c.i.embedder.EclipseLogger - Using platform encoding (Cp1252 actually) to copy filtered resources, i.e. build is platform dependent!
2017-03-12 21:41:54,303 [Worker-71] INFO  o.e.m.c.i.embedder.EclipseLogger - skip non existing resourceDirectory C:\Users\Roland\workspace\learnAutomation\src\main\resources
2017-03-12 21:41:54,304 [Worker-71] WARN  o.e.m.c.i.embedder.EclipseLogger - Using platform encoding (Cp1252 actually) to copy filtered resources, i.e. build is platform dependent!
2017-03-12 21:41:54,307 [Worker-71] INFO  o.e.m.c.i.embedder.EclipseLogger - Copying 1 resource
2017-03-12 21:42:06,047 [Worker-73] WARN  o.e.m.c.i.embedder.EclipseLogger - Using platform encoding (Cp1252 actually) to copy filtered resources, i.e. build is platform dependent!
2017-03-12 21:42:06,048 [Worker-73] INFO  o.e.m.c.i.embedder.EclipseLogger - skip non existing resourceDirectory C:\Users\Roland\workspace\learnAutomation\src\main\resources
2017-03-12 21:42:06,050 [Worker-73] WARN  o.e.m.c.i.embedder.EclipseLogger - Using platform encoding (Cp1252 actually) to copy filtered resources, i.e. build is platform dependent!
2017-03-12 21:42:06,053 [Worker-73] INFO  o.e.m.c.i.embedder.EclipseLogger - Copying 1 resource
2017-03-12 21:49:13,633 [Worker-76] WARN  o.e.m.c.i.embedder.EclipseLogger - Using platform encoding (Cp1252 actually) to copy filtered resources, i.e. build is platform dependent!
2017-03-12 21:49:13,635 [Worker-76] INFO  o.e.m.c.i.embedder.EclipseLogger - skip non existing resourceDirectory C:\Users\Roland\workspace\learnAutomation\src\main\resources
2017-03-12 21:49:13,638 [Worker-76] WARN  o.e.m.c.i.embedder.EclipseLogger - Using platform encoding (Cp1252 actually) to copy filtered resources, i.e. build is platform dependent!
2017-03-12 21:49:13,642 [Worker-76] INFO  o.e.m.c.i.embedder.EclipseLogger - Copying 1 resource
2017-03-12 21:51:23,115 [Worker-82] INFO  o.e.m.i.launch.MavenLaunchDelegate - C:\Users\Roland\workspace\learnAutomation
2017-03-12 21:51:23,115 [Worker-82] INFO  o.e.m.i.launch.MavenLaunchDelegate -  mvn -B test
2017-03-12 21:51:26,807 [Worker-81] WARN  o.e.m.c.i.embedder.EclipseLogger - Using platform encoding (Cp1252 actually) to copy filtered resources, i.e. build is platform dependent!
2017-03-12 21:51:26,808 [Worker-81] INFO  o.e.m.c.i.embedder.EclipseLogger - skip non existing resourceDirectory C:\Users\Roland\workspace\learnAutomation\src\main\resources
2017-03-12 21:51:26,809 [Worker-81] WARN  o.e.m.c.i.embedder.EclipseLogger - Using platform encoding (Cp1252 actually) to copy filtered resources, i.e. build is platform dependent!
2017-03-12 21:51:26,811 [Worker-81] INFO  o.e.m.c.i.embedder.EclipseLogger - Copying 0 resource
2017-03-12 21:56:54,689 [Worker-86] WARN  o.e.m.c.i.embedder.EclipseLogger - Using platform encoding (Cp1252 actually) to copy filtered resources, i.e. build is platform dependent!
2017-03-12 21:56:54,690 [Worker-86] INFO  o.e.m.c.i.embedder.EclipseLogger - skip non existing resourceDirectory C:\Users\Roland\workspace\learnAutomation\src\main\resources
2017-03-12 21:56:54,691 [Worker-86] WARN  o.e.m.c.i.embedder.EclipseLogger - Using platform encoding (Cp1252 actually) to copy filtered resources, i.e. build is platform dependent!
2017-03-12 21:56:54,693 [Worker-86] INFO  o.e.m.c.i.embedder.EclipseLogger - Copying 1 resource
2017-03-12 21:58:01,200 [Worker-86] INFO  o.e.m.i.launch.MavenLaunchDelegate - C:\Users\Roland\workspace\learnAutomation
2017-03-12 21:58:01,200 [Worker-86] INFO  o.e.m.i.launch.MavenLaunchDelegate -  mvn -B test
2017-03-12 21:58:10,159 [Worker-87] WARN  o.e.m.c.i.embedder.EclipseLogger - Using platform encoding (Cp1252 actually) to copy filtered resources, i.e. build is platform dependent!
2017-03-12 21:58:10,160 [Worker-87] INFO  o.e.m.c.i.embedder.EclipseLogger - skip non existing resourceDirectory C:\Users\Roland\workspace\learnAutomation\src\main\resources
2017-03-12 21:58:10,162 [Worker-87] WARN  o.e.m.c.i.embedder.EclipseLogger - Using platform encoding (Cp1252 actually) to copy filtered resources, i.e. build is platform dependent!
2017-03-12 21:58:10,164 [Worker-87] INFO  o.e.m.c.i.embedder.EclipseLogger - Copying 0 resource
2017-03-12 22:22:59,178 [Worker-85] WARN  o.e.m.c.i.embedder.EclipseLogger - Using platform encoding (Cp1252 actually) to copy filtered resources, i.e. build is platform dependent!
2017-03-12 22:22:59,197 [Worker-85] INFO  o.e.m.c.i.embedder.EclipseLogger - skip non existing resourceDirectory C:\Users\Roland\workspace\learnAutomation\src\main\resources
2017-03-12 22:22:59,199 [Worker-85] WARN  o.e.m.c.i.embedder.EclipseLogger - Using platform encoding (Cp1252 actually) to copy filtered resources, i.e. build is platform dependent!
2017-03-12 22:22:59,202 [Worker-85] INFO  o.e.m.c.i.embedder.EclipseLogger - Copying 1 resource
2017-03-12 22:23:26,567 [Worker-82] WARN  o.e.m.c.i.embedder.EclipseLogger - Using platform encoding (Cp1252 actually) to copy filtered resources, i.e. build is platform dependent!
2017-03-12 22:23:26,568 [Worker-82] INFO  o.e.m.c.i.embedder.EclipseLogger - skip non existing resourceDirectory C:\Users\Roland\workspace\learnAutomation\src\main\resources
2017-03-12 22:23:26,570 [Worker-82] WARN  o.e.m.c.i.embedder.EclipseLogger - Using platform encoding (Cp1252 actually) to copy filtered resources, i.e. build is platform dependent!
2017-03-12 22:23:26,572 [Worker-82] INFO  o.e.m.c.i.embedder.EclipseLogger - Copying 1 resource
2017-03-12 22:26:39,116 [Worker-91] WARN  o.e.m.c.i.embedder.EclipseLogger - Using platform encoding (Cp1252 actually) to copy filtered resources, i.e. build is platform dependent!
2017-03-12 22:26:39,118 [Worker-91] INFO  o.e.m.c.i.embedder.EclipseLogger - skip non existing resourceDirectory C:\Users\Roland\workspace\learnAutomation\src\main\resources
2017-03-12 22:26:39,120 [Worker-91] WARN  o.e.m.c.i.embedder.EclipseLogger - Using platform encoding (Cp1252 actually) to copy filtered resources, i.e. build is platform dependent!
2017-03-12 22:26:39,122 [Worker-91] INFO  o.e.m.c.i.embedder.EclipseLogger - Copying 1 resource
2017-03-12 22:27:20,041 [Worker-86] WARN  o.e.m.c.i.embedder.EclipseLogger - Using platform encoding (Cp1252 actually) to copy filtered resources, i.e. build is platform dependent!
2017-03-12 22:27:20,042 [Worker-86] INFO  o.e.m.c.i.embedder.EclipseLogger - skip non existing resourceDirectory C:\Users\Roland\workspace\learnAutomation\src\main\resources
2017-03-12 22:27:20,044 [Worker-86] WARN  o.e.m.c.i.embedder.EclipseLogger - Using platform encoding (Cp1252 actually) to copy filtered resources, i.e. build is platform dependent!
2017-03-12 22:27:20,046 [Worker-86] INFO  o.e.m.c.i.embedder.EclipseLogger - Copying 1 resource
2017-03-12 22:27:32,533 [Worker-90] WARN  o.e.m.c.i.embedder.EclipseLogger - Using platform encoding (Cp1252 actually) to copy filtered resources, i.e. build is platform dependent!
2017-03-12 22:27:32,535 [Worker-90] INFO  o.e.m.c.i.embedder.EclipseLogger - skip non existing resourceDirectory C:\Users\Roland\workspace\learnAutomation\src\main\resources
2017-03-12 22:27:32,536 [Worker-90] WARN  o.e.m.c.i.embedder.EclipseLogger - Using platform encoding (Cp1252 actually) to copy filtered resources, i.e. build is platform dependent!
2017-03-12 22:27:32,539 [Worker-90] INFO  o.e.m.c.i.embedder.EclipseLogger - Copying 1 resource
2017-03-12 22:28:10,164 [Worker-92] WARN  o.e.m.c.i.embedder.EclipseLogger - Using platform encoding (Cp1252 actually) to copy filtered resources, i.e. build is platform dependent!
2017-03-12 22:28:10,165 [Worker-92] INFO  o.e.m.c.i.embedder.EclipseLogger - skip non existing resourceDirectory C:\Users\Roland\workspace\learnAutomation\src\main\resources
2017-03-12 22:28:10,166 [Worker-92] WARN  o.e.m.c.i.embedder.EclipseLogger - Using platform encoding (Cp1252 actually) to copy filtered resources, i.e. build is platform dependent!
2017-03-12 22:28:10,168 [Worker-92] INFO  o.e.m.c.i.embedder.EclipseLogger - Copying 1 resource
2017-03-12 22:31:52,099 [Worker-88] WARN  o.e.m.c.i.embedder.EclipseLogger - Using platform encoding (Cp1252 actually) to copy filtered resources, i.e. build is platform dependent!
2017-03-12 22:31:52,101 [Worker-88] INFO  o.e.m.c.i.embedder.EclipseLogger - skip non existing resourceDirectory C:\Users\Roland\workspace\learnAutomation\src\main\resources
2017-03-12 22:31:52,102 [Worker-88] WARN  o.e.m.c.i.embedder.EclipseLogger - Using platform encoding (Cp1252 actually) to copy filtered resources, i.e. build is platform dependent!
2017-03-12 22:31:52,105 [Worker-88] INFO  o.e.m.c.i.embedder.EclipseLogger - Copying 1 resource
2017-03-12 22:35:29,812 [Worker-86] WARN  o.e.m.c.i.embedder.EclipseLogger - Using platform encoding (Cp1252 actually) to copy filtered resources, i.e. build is platform dependent!
2017-03-12 22:35:29,813 [Worker-86] INFO  o.e.m.c.i.embedder.EclipseLogger - skip non existing resourceDirectory C:\Users\Roland\workspace\learnAutomation\src\main\resources
2017-03-12 22:35:29,816 [Worker-86] WARN  o.e.m.c.i.embedder.EclipseLogger - Using platform encoding (Cp1252 actually) to copy filtered resources, i.e. build is platform dependent!
2017-03-12 22:35:29,818 [Worker-86] INFO  o.e.m.c.i.embedder.EclipseLogger - Copying 1 resource
2017-03-12 22:41:21,511 [Worker-87] WARN  o.e.m.c.i.embedder.EclipseLogger - Using platform encoding (Cp1252 actually) to copy filtered resources, i.e. build is platform dependent!
2017-03-12 22:41:21,512 [Worker-87] INFO  o.e.m.c.i.embedder.EclipseLogger - skip non existing resourceDirectory C:\Users\Roland\workspace\learnAutomation\src\main\resources
2017-03-12 22:41:21,513 [Worker-87] WARN  o.e.m.c.i.embedder.EclipseLogger - Using platform encoding (Cp1252 actually) to copy filtered resources, i.e. build is platform dependent!
2017-03-12 22:41:21,515 [Worker-87] INFO  o.e.m.c.i.embedder.EclipseLogger - Copying 1 resource
2017-03-12 22:54:30,015 [Worker-88] WARN  o.e.m.c.i.embedder.EclipseLogger - Using platform encoding (Cp1252 actually) to copy filtered resources, i.e. build is platform dependent!
2017-03-12 22:54:30,017 [Worker-88] INFO  o.e.m.c.i.embedder.EclipseLogger - skip non existing resourceDirectory C:\Users\Roland\workspace\learnAutomation\src\main\resources
2017-03-12 22:54:30,018 [Worker-88] WARN  o.e.m.c.i.embedder.EclipseLogger - Using platform encoding (Cp1252 actually) to copy filtered resources, i.e. build is platform dependent!
2017-03-12 22:54:30,021 [Worker-88] INFO  o.e.m.c.i.embedder.EclipseLogger - Copying 1 resource
2017-03-12 22:54:40,225 [Worker-93] WARN  o.e.m.c.i.embedder.EclipseLogger - Using platform encoding (Cp1252 actually) to copy filtered resources, i.e. build is platform dependent!
2017-03-12 22:54:40,227 [Worker-93] INFO  o.e.m.c.i.embedder.EclipseLogger - skip non existing resourceDirectory C:\Users\Roland\workspace\learnAutomation\src\main\resources
2017-03-12 22:54:40,228 [Worker-93] WARN  o.e.m.c.i.embedder.EclipseLogger - Using platform encoding (Cp1252 actually) to copy filtered resources, i.e. build is platform dependent!
2017-03-12 22:54:40,231 [Worker-93] INFO  o.e.m.c.i.embedder.EclipseLogger - Copying 1 resource
2017-03-12 22:54:56,351 [Worker-89] WARN  o.e.m.c.i.embedder.EclipseLogger - Using platform encoding (Cp1252 actually) to copy filtered resources, i.e. build is platform dependent!
2017-03-12 22:54:56,353 [Worker-89] INFO  o.e.m.c.i.embedder.EclipseLogger - skip non existing resourceDirectory C:\Users\Roland\workspace\learnAutomation\src\main\resources
2017-03-12 22:54:56,355 [Worker-89] WARN  o.e.m.c.i.embedder.EclipseLogger - Using platform encoding (Cp1252 actually) to copy filtered resources, i.e. build is platform dependent!
2017-03-12 22:54:56,379 [Worker-89] INFO  o.e.m.c.i.embedder.EclipseLogger - Copying 1 resource
2017-03-12 23:01:06,479 [Worker-87] WARN  o.e.m.c.i.embedder.EclipseLogger - Using platform encoding (Cp1252 actually) to copy filtered resources, i.e. build is platform dependent!
2017-03-12 23:01:06,480 [Worker-87] INFO  o.e.m.c.i.embedder.EclipseLogger - skip non existing resourceDirectory C:\Users\Roland\workspace\learnAutomation\src\main\resources
2017-03-12 23:01:06,481 [Worker-87] WARN  o.e.m.c.i.embedder.EclipseLogger - Using platform encoding (Cp1252 actually) to copy filtered resources, i.e. build is platform dependent!
2017-03-12 23:01:06,483 [Worker-87] INFO  o.e.m.c.i.embedder.EclipseLogger - Copying 1 resource
2017-03-12 23:09:33,206 [Worker-89] WARN  o.e.m.c.i.embedder.EclipseLogger - Using platform encoding (Cp1252 actually) to copy filtered resources, i.e. build is platform dependent!
2017-03-12 23:09:33,208 [Worker-89] INFO  o.e.m.c.i.embedder.EclipseLogger - skip non existing resourceDirectory C:\Users\Roland\workspace\learnAutomation\src\main\resources
2017-03-12 23:09:33,209 [Worker-89] WARN  o.e.m.c.i.embedder.EclipseLogger - Using platform encoding (Cp1252 actually) to copy filtered resources, i.e. build is platform dependent!
2017-03-12 23:09:33,211 [Worker-89] INFO  o.e.m.c.i.embedder.EclipseLogger - Copying 1 resource
2017-03-12 23:10:36,579 [Worker-87] WARN  o.e.m.c.i.embedder.EclipseLogger - Using platform encoding (Cp1252 actually) to copy filtered resources, i.e. build is platform dependent!
2017-03-12 23:10:36,580 [Worker-87] INFO  o.e.m.c.i.embedder.EclipseLogger - skip non existing resourceDirectory C:\Users\Roland\workspace\learnAutomation\src\main\resources
2017-03-12 23:10:36,581 [Worker-87] WARN  o.e.m.c.i.embedder.EclipseLogger - Using platform encoding (Cp1252 actually) to copy filtered resources, i.e. build is platform dependent!
2017-03-12 23:10:36,583 [Worker-87] INFO  o.e.m.c.i.embedder.EclipseLogger - Copying 1 resource
2017-03-12 23:15:25,777 [Worker-89] WARN  o.e.m.c.i.embedder.EclipseLogger - Using platform encoding (Cp1252 actually) to copy filtered resources, i.e. build is platform dependent!
2017-03-12 23:15:25,778 [Worker-89] INFO  o.e.m.c.i.embedder.EclipseLogger - skip non existing resourceDirectory C:\Users\Roland\workspace\learnAutomation\src\main\resources
2017-03-12 23:15:25,782 [Worker-89] WARN  o.e.m.c.i.embedder.EclipseLogger - Using platform encoding (Cp1252 actually) to copy filtered resources, i.e. build is platform dependent!
2017-03-12 23:15:25,784 [Worker-89] INFO  o.e.m.c.i.embedder.EclipseLogger - Copying 1 resource
2017-03-12 23:15:58,351 [Worker-91] WARN  o.e.m.c.i.embedder.EclipseLogger - Using platform encoding (Cp1252 actually) to copy filtered resources, i.e. build is platform dependent!
2017-03-12 23:15:58,353 [Worker-91] INFO  o.e.m.c.i.embedder.EclipseLogger - skip non existing resourceDirectory C:\Users\Roland\workspace\learnAutomation\src\main\resources
2017-03-12 23:15:58,354 [Worker-91] WARN  o.e.m.c.i.embedder.EclipseLogger - Using platform encoding (Cp1252 actually) to copy filtered resources, i.e. build is platform dependent!
2017-03-12 23:15:58,360 [Worker-91] INFO  o.e.m.c.i.embedder.EclipseLogger - Copying 1 resource
2017-03-12 23:21:51,546 [Worker-93] WARN  o.e.m.c.i.embedder.EclipseLogger - Using platform encoding (Cp1252 actually) to copy filtered resources, i.e. build is platform dependent!
2017-03-12 23:21:51,547 [Worker-93] INFO  o.e.m.c.i.embedder.EclipseLogger - skip non existing resourceDirectory C:\Users\Roland\workspace\learnAutomation\src\main\resources
2017-03-12 23:21:51,548 [Worker-93] WARN  o.e.m.c.i.embedder.EclipseLogger - Using platform encoding (Cp1252 actually) to copy filtered resources, i.e. build is platform dependent!
2017-03-12 23:21:51,551 [Worker-93] INFO  o.e.m.c.i.embedder.EclipseLogger - Copying 1 resource
2017-03-12 23:23:31,079 [Worker-91] WARN  o.e.m.c.i.embedder.EclipseLogger - Using platform encoding (Cp1252 actually) to copy filtered resources, i.e. build is platform dependent!
2017-03-12 23:23:31,080 [Worker-91] INFO  o.e.m.c.i.embedder.EclipseLogger - skip non existing resourceDirectory C:\Users\Roland\workspace\learnAutomation\src\main\resources
2017-03-12 23:23:31,081 [Worker-91] WARN  o.e.m.c.i.embedder.EclipseLogger - Using platform encoding (Cp1252 actually) to copy filtered resources, i.e. build is platform dependent!
2017-03-12 23:23:31,083 [Worker-91] INFO  o.e.m.c.i.embedder.EclipseLogger - Copying 1 resource
2017-03-12 23:24:32,541 [Worker-93] WARN  o.e.m.c.i.embedder.EclipseLogger - Using platform encoding (Cp1252 actually) to copy filtered resources, i.e. build is platform dependent!
2017-03-12 23:24:32,542 [Worker-93] INFO  o.e.m.c.i.embedder.EclipseLogger - skip non existing resourceDirectory C:\Users\Roland\workspace\learnAutomation\src\main\resources
2017-03-12 23:24:32,544 [Worker-93] WARN  o.e.m.c.i.embedder.EclipseLogger - Using platform encoding (Cp1252 actually) to copy filtered resources, i.e. build is platform dependent!
2017-03-12 23:24:32,546 [Worker-93] INFO  o.e.m.c.i.embedder.EclipseLogger - Copying 1 resource
2017-03-12 23:26:07,074 [Worker-87] WARN  o.e.m.c.i.embedder.EclipseLogger - Using platform encoding (Cp1252 actually) to copy filtered resources, i.e. build is platform dependent!
2017-03-12 23:26:07,076 [Worker-87] INFO  o.e.m.c.i.embedder.EclipseLogger - skip non existing resourceDirectory C:\Users\Roland\workspace\learnAutomation\src\main\resources
2017-03-12 23:26:07,077 [Worker-87] WARN  o.e.m.c.i.embedder.EclipseLogger - Using platform encoding (Cp1252 actually) to copy filtered resources, i.e. build is platform dependent!
2017-03-12 23:26:07,079 [Worker-87] INFO  o.e.m.c.i.embedder.EclipseLogger - Copying 1 resource
2017-03-12 23:26:26,243 [Worker-94] WARN  o.e.m.c.i.embedder.EclipseLogger - Using platform encoding (Cp1252 actually) to copy filtered resources, i.e. build is platform dependent!
2017-03-12 23:26:26,245 [Worker-94] INFO  o.e.m.c.i.embedder.EclipseLogger - skip non existing resourceDirectory C:\Users\Roland\workspace\learnAutomation\src\main\resources
2017-03-12 23:26:26,247 [Worker-94] WARN  o.e.m.c.i.embedder.EclipseLogger - Using platform encoding (Cp1252 actually) to copy filtered resources, i.e. build is platform dependent!
2017-03-12 23:26:26,252 [Worker-94] INFO  o.e.m.c.i.embedder.EclipseLogger - Copying 1 resource
2017-03-12 23:26:56,754 [Worker-88] WARN  o.e.m.c.i.embedder.EclipseLogger - Using platform encoding (Cp1252 actually) to copy filtered resources, i.e. build is platform dependent!
2017-03-12 23:26:56,757 [Worker-88] INFO  o.e.m.c.i.embedder.EclipseLogger - skip non existing resourceDirectory C:\Users\Roland\workspace\learnAutomation\src\main\resources
2017-03-12 23:26:56,758 [Worker-88] WARN  o.e.m.c.i.embedder.EclipseLogger - Using platform encoding (Cp1252 actually) to copy filtered resources, i.e. build is platform dependent!
2017-03-12 23:26:56,761 [Worker-88] INFO  o.e.m.c.i.embedder.EclipseLogger - Copying 1 resource
2017-03-12 23:27:20,510 [Worker-82] INFO  o.e.m.c.i.e.AbstractTransferListenerAdapter - Downloading https://repo.maven.apache.org/maven2/info/cukes/cucumber-java/1.2.4/cucumber-java-1.2.4-sources.jar
2017-03-12 23:27:20,765 [Worker-82] INFO  o.e.m.c.i.e.AbstractTransferListenerAdapter - Downloaded https://repo.maven.apache.org/maven2/info/cukes/cucumber-java/1.2.4/cucumber-java-1.2.4-sources.jar
2017-03-12 23:27:20,948 [Worker-82] INFO  o.e.m.j.internal.DownloadSourcesJob - Downloaded sources for info.cukes:cucumber-java:1.2.4
2017-03-12 23:27:21,303 [Worker-88] WARN  o.e.m.c.i.embedder.EclipseLogger - Using platform encoding (Cp1252 actually) to copy filtered resources, i.e. build is platform dependent!
2017-03-12 23:27:21,305 [Worker-88] INFO  o.e.m.c.i.embedder.EclipseLogger - skip non existing resourceDirectory C:\Users\Roland\workspace\learnAutomation\src\main\resources
2017-03-12 23:27:21,306 [Worker-88] WARN  o.e.m.c.i.embedder.EclipseLogger - Using platform encoding (Cp1252 actually) to copy filtered resources, i.e. build is platform dependent!
2017-03-12 23:27:21,307 [Worker-88] INFO  o.e.m.c.i.embedder.EclipseLogger - Copying 0 resource
2017-03-12 23:28:18,345 [Worker-88] INFO  o.e.m.i.launch.MavenLaunchDelegate - C:\Users\Roland\workspace\learnAutomation
2017-03-12 23:28:18,345 [Worker-88] INFO  o.e.m.i.launch.MavenLaunchDelegate -  mvn -B test
2017-03-12 23:35:37,284 [Worker-95] INFO  o.e.m.i.launch.MavenLaunchDelegate - C:\Users\Roland\workspace\learnAutomation
2017-03-12 23:35:37,284 [Worker-95] INFO  o.e.m.i.launch.MavenLaunchDelegate -  mvn -B test
2017-03-12 23:41:23,715 [Worker-94] INFO  o.e.m.c.i.p.ProjectConfigurationManager - Update started
2017-03-12 23:41:24,221 [Worker-94] INFO  o.e.m.c.i.l.LifecycleMappingFactory - Using org.eclipse.m2e.jdt.JarLifecycleMapping lifecycle mapping for MavenProject: learnAutomation:learnAutomation:0.0.1-SNAPSHOT @ C:\Users\Roland\workspace\learnAutomation\pom.xml.
2017-03-12 23:41:24,739 [Worker-94] INFO  o.e.m.j.i.AbstractJavaProjectConfigurator - Adding source folder /learnAutomation/src/main/java
2017-03-12 23:41:24,740 [Worker-94] INFO  o.e.m.j.i.AbstractJavaProjectConfigurator - Adding source folder /learnAutomation/src/test/java
2017-03-12 23:41:24,742 [Worker-94] INFO  o.e.m.j.i.AbstractJavaProjectConfigurator - Adding resource folder /learnAutomation/src/test/resources
2017-03-12 23:41:25,114 [Worker-94] INFO  o.e.m.c.i.p.ProjectConfigurationManager - Update completed: 1 sec
2017-03-12 23:41:25,654 [Worker-94] WARN  o.e.m.c.i.embedder.EclipseLogger - Using platform encoding (Cp1252 actually) to copy filtered resources, i.e. build is platform dependent!
2017-03-12 23:41:25,656 [Worker-94] INFO  o.e.m.c.i.embedder.EclipseLogger - skip non existing resourceDirectory C:\Users\Roland\workspace\learnAutomation\src\main\resources
2017-03-12 23:41:25,657 [Worker-94] WARN  o.e.m.c.i.embedder.EclipseLogger - Using platform encoding (Cp1252 actually) to copy filtered resources, i.e. build is platform dependent!
2017-03-12 23:41:25,659 [Worker-94] INFO  o.e.m.c.i.embedder.EclipseLogger - Copying 1 resource
2017-03-12 23:44:47,002 [Worker-91] INFO  o.e.m.c.i.p.ProjectConfigurationManager - Update started
2017-03-12 23:44:47,494 [Worker-91] INFO  o.e.m.c.i.l.LifecycleMappingFactory - Using org.eclipse.m2e.jdt.JarLifecycleMapping lifecycle mapping for MavenProject: learnAutomation:learnAutomation:0.0.1-SNAPSHOT @ C:\Users\Roland\workspace\learnAutomation\pom.xml.
2017-03-12 23:44:47,950 [Worker-91] INFO  o.e.m.j.i.AbstractJavaProjectConfigurator - Adding source folder /learnAutomation/src/main/java
2017-03-12 23:44:47,951 [Worker-91] INFO  o.e.m.j.i.AbstractJavaProjectConfigurator - Adding source folder /learnAutomation/src/test/java
2017-03-12 23:44:47,952 [Worker-91] INFO  o.e.m.j.i.AbstractJavaProjectConfigurator - Adding resource folder /learnAutomation/src/test/resources
2017-03-12 23:44:48,109 [Worker-91] INFO  o.e.m.c.i.p.ProjectConfigurationManager - Update completed: 1 sec
2017-03-12 23:44:48,672 [Worker-82] WARN  o.e.m.c.i.embedder.EclipseLogger - Using platform encoding (Cp1252 actually) to copy filtered resources, i.e. build is platform dependent!
2017-03-12 23:44:48,673 [Worker-82] INFO  o.e.m.c.i.embedder.EclipseLogger - skip non existing resourceDirectory C:\Users\Roland\workspace\learnAutomation\src\main\resources
2017-03-12 23:44:48,676 [Worker-82] WARN  o.e.m.c.i.embedder.EclipseLogger - Using platform encoding (Cp1252 actually) to copy filtered resources, i.e. build is platform dependent!
2017-03-12 23:44:48,678 [Worker-82] INFO  o.e.m.c.i.embedder.EclipseLogger - Copying 1 resource
2017-03-12 23:52:12,013 [Worker-93] WARN  o.e.m.c.i.embedder.EclipseLogger - Using platform encoding (Cp1252 actually) to copy filtered resources, i.e. build is platform dependent!
2017-03-12 23:52:12,014 [Worker-93] INFO  o.e.m.c.i.embedder.EclipseLogger - skip non existing resourceDirectory C:\Users\Roland\workspace\learnAutomation\src\main\resources
2017-03-12 23:52:12,016 [Worker-93] WARN  o.e.m.c.i.embedder.EclipseLogger - Using platform encoding (Cp1252 actually) to copy filtered resources, i.e. build is platform dependent!
2017-03-12 23:52:12,020 [Worker-93] INFO  o.e.m.c.i.embedder.EclipseLogger - Copying 1 resource
2017-03-12 23:52:40,633 [Worker-82] INFO  o.e.m.c.i.l.LifecycleMappingFactory - Using org.eclipse.m2e.jdt.JarLifecycleMapping lifecycle mapping for MavenProject: learnAutomation:learnAutomation:0.0.1-SNAPSHOT @ C:\Users\Roland\workspace\learnAutomation\pom.xml.
2017-03-12 23:52:41,145 [Worker-82] WARN  o.e.m.c.i.embedder.EclipseLogger - Using platform encoding (Cp1252 actually) to copy filtered resources, i.e. build is platform dependent!
2017-03-12 23:52:41,146 [Worker-82] INFO  o.e.m.c.i.embedder.EclipseLogger - skip non existing resourceDirectory C:\Users\Roland\workspace\learnAutomation\src\main\resources
2017-03-12 23:52:41,148 [Worker-82] WARN  o.e.m.c.i.embedder.EclipseLogger - Using platform encoding (Cp1252 actually) to copy filtered resources, i.e. build is platform dependent!
2017-03-12 23:52:41,152 [Worker-82] INFO  o.e.m.c.i.embedder.EclipseLogger - Copying 0 resource
2017-03-12 23:55:16,724 [Worker-88] WARN  o.e.m.c.i.embedder.EclipseLogger - Using platform encoding (Cp1252 actually) to copy filtered resources, i.e. build is platform dependent!
2017-03-12 23:55:16,726 [Worker-88] INFO  o.e.m.c.i.embedder.EclipseLogger - skip non existing resourceDirectory C:\Users\Roland\workspace\learnAutomation\src\main\resources
2017-03-12 23:55:16,727 [Worker-88] WARN  o.e.m.c.i.embedder.EclipseLogger - Using platform encoding (Cp1252 actually) to copy filtered resources, i.e. build is platform dependent!
2017-03-12 23:55:16,729 [Worker-88] INFO  o.e.m.c.i.embedder.EclipseLogger - Copying 1 resource
2017-03-12 23:55:40,869 [Worker-89] WARN  o.e.m.c.i.embedder.EclipseLogger - Using platform encoding (Cp1252 actually) to copy filtered resources, i.e. build is platform dependent!
2017-03-12 23:55:40,870 [Worker-89] INFO  o.e.m.c.i.embedder.EclipseLogger - skip non existing resourceDirectory C:\Users\Roland\workspace\learnAutomation\src\main\resources
2017-03-12 23:55:40,872 [Worker-89] WARN  o.e.m.c.i.embedder.EclipseLogger - Using platform encoding (Cp1252 actually) to copy filtered resources, i.e. build is platform dependent!
2017-03-12 23:55:40,874 [Worker-89] INFO  o.e.m.c.i.embedder.EclipseLogger - Copying 1 resource
2017-03-12 23:56:40,254 [Worker-97] WARN  o.e.m.c.i.embedder.EclipseLogger - Using platform encoding (Cp1252 actually) to copy filtered resources, i.e. build is platform dependent!
2017-03-12 23:56:40,256 [Worker-97] INFO  o.e.m.c.i.embedder.EclipseLogger - skip non existing resourceDirectory C:\Users\Roland\workspace\learnAutomation\src\main\resources
2017-03-12 23:56:40,257 [Worker-97] WARN  o.e.m.c.i.embedder.EclipseLogger - Using platform encoding (Cp1252 actually) to copy filtered resources, i.e. build is platform dependent!
2017-03-12 23:56:40,259 [Worker-97] INFO  o.e.m.c.i.embedder.EclipseLogger - Copying 1 resource
2017-03-12 23:56:45,909 [Worker-93] WARN  o.e.m.c.i.embedder.EclipseLogger - Using platform encoding (Cp1252 actually) to copy filtered resources, i.e. build is platform dependent!
2017-03-12 23:56:45,910 [Worker-93] INFO  o.e.m.c.i.embedder.EclipseLogger - skip non existing resourceDirectory C:\Users\Roland\workspace\learnAutomation\src\main\resources
2017-03-12 23:56:45,911 [Worker-93] WARN  o.e.m.c.i.embedder.EclipseLogger - Using platform encoding (Cp1252 actually) to copy filtered resources, i.e. build is platform dependent!
2017-03-12 23:56:45,913 [Worker-93] INFO  o.e.m.c.i.embedder.EclipseLogger - Copying 1 resource
2017-03-12 23:57:42,849 [Worker-95] WARN  o.e.m.c.i.embedder.EclipseLogger - Using platform encoding (Cp1252 actually) to copy filtered resources, i.e. build is platform dependent!
2017-03-12 23:57:42,850 [Worker-95] INFO  o.e.m.c.i.embedder.EclipseLogger - skip non existing resourceDirectory C:\Users\Roland\workspace\learnAutomation\src\main\resources
2017-03-12 23:57:42,851 [Worker-95] WARN  o.e.m.c.i.embedder.EclipseLogger - Using platform encoding (Cp1252 actually) to copy filtered resources, i.e. build is platform dependent!
2017-03-12 23:57:42,853 [Worker-95] INFO  o.e.m.c.i.embedder.EclipseLogger - Copying 1 resource
2017-03-12 23:59:48,530 [Worker-96] WARN  o.e.m.c.i.embedder.EclipseLogger - Using platform encoding (Cp1252 actually) to copy filtered resources, i.e. build is platform dependent!
2017-03-12 23:59:48,531 [Worker-96] INFO  o.e.m.c.i.embedder.EclipseLogger - skip non existing resourceDirectory C:\Users\Roland\workspace\learnAutomation\src\main\resources
2017-03-12 23:59:48,533 [Worker-96] WARN  o.e.m.c.i.embedder.EclipseLogger - Using platform encoding (Cp1252 actually) to copy filtered resources, i.e. build is platform dependent!
2017-03-12 23:59:48,535 [Worker-96] INFO  o.e.m.c.i.embedder.EclipseLogger - Copying 1 resource
2017-03-13 00:00:03,883 [Worker-91] WARN  o.e.m.c.i.embedder.EclipseLogger - Using platform encoding (Cp1252 actually) to copy filtered resources, i.e. build is platform dependent!
2017-03-13 00:00:03,884 [Worker-91] INFO  o.e.m.c.i.embedder.EclipseLogger - skip non existing resourceDirectory C:\Users\Roland\workspace\learnAutomation\src\main\resources
2017-03-13 00:00:03,886 [Worker-91] WARN  o.e.m.c.i.embedder.EclipseLogger - Using platform encoding (Cp1252 actually) to copy filtered resources, i.e. build is platform dependent!
2017-03-13 00:00:03,889 [Worker-91] INFO  o.e.m.c.i.embedder.EclipseLogger - Copying 1 resource
2017-03-13 00:05:02,289 [Worker-97] WARN  o.e.m.c.i.embedder.EclipseLogger - Using platform encoding (Cp1252 actually) to copy filtered resources, i.e. build is platform dependent!
2017-03-13 00:05:02,291 [Worker-97] INFO  o.e.m.c.i.embedder.EclipseLogger - skip non existing resourceDirectory C:\Users\Roland\workspace\learnAutomation\src\main\resources
2017-03-13 00:05:02,292 [Worker-97] WARN  o.e.m.c.i.embedder.EclipseLogger - Using platform encoding (Cp1252 actually) to copy filtered resources, i.e. build is platform dependent!
2017-03-13 00:05:02,294 [Worker-97] INFO  o.e.m.c.i.embedder.EclipseLogger - Copying 1 resource
2017-03-13 00:05:08,832 [Worker-97] WARN  o.e.m.c.i.embedder.EclipseLogger - Using platform encoding (Cp1252 actually) to copy filtered resources, i.e. build is platform dependent!
2017-03-13 00:05:08,833 [Worker-97] INFO  o.e.m.c.i.embedder.EclipseLogger - skip non existing resourceDirectory C:\Users\Roland\workspace\learnAutomation\src\main\resources
2017-03-13 00:05:08,834 [Worker-97] WARN  o.e.m.c.i.embedder.EclipseLogger - Using platform encoding (Cp1252 actually) to copy filtered resources, i.e. build is platform dependent!
2017-03-13 00:05:08,835 [Worker-97] INFO  o.e.m.c.i.embedder.EclipseLogger - Copying 1 resource
2017-03-13 00:11:10,009 [Worker-91] WARN  o.e.m.c.i.embedder.EclipseLogger - Using platform encoding (Cp1252 actually) to copy filtered resources, i.e. build is platform dependent!
2017-03-13 00:11:10,013 [Worker-91] INFO  o.e.m.c.i.embedder.EclipseLogger - skip non existing resourceDirectory C:\Users\Roland\workspace\learnAutomation\src\main\resources
2017-03-13 00:11:10,016 [Worker-91] WARN  o.e.m.c.i.embedder.EclipseLogger - Using platform encoding (Cp1252 actually) to copy filtered resources, i.e. build is platform dependent!
2017-03-13 00:11:10,019 [Worker-91] INFO  o.e.m.c.i.embedder.EclipseLogger - Copying 1 resource
2017-03-13 00:19:17,137 [Worker-91] WARN  o.e.m.c.i.embedder.EclipseLogger - Using platform encoding (Cp1252 actually) to copy filtered resources, i.e. build is platform dependent!
2017-03-13 00:19:17,139 [Worker-91] INFO  o.e.m.c.i.embedder.EclipseLogger - skip non existing resourceDirectory C:\Users\Roland\workspace\learnAutomation\src\main\resources
2017-03-13 00:19:17,141 [Worker-91] WARN  o.e.m.c.i.embedder.EclipseLogger - Using platform encoding (Cp1252 actually) to copy filtered resources, i.e. build is platform dependent!
2017-03-13 00:19:17,143 [Worker-91] INFO  o.e.m.c.i.embedder.EclipseLogger - Copying 1 resource
2017-03-13 00:23:24,793 [Worker-100] INFO  o.e.m.c.i.e.AbstractTransferListenerAdapter - Downloading https://repo.maven.apache.org/maven2/org/seleniumhq/selenium/selenium-api/3.0.1/selenium-api-3.0.1-sources.jar
2017-03-13 00:23:25,003 [Worker-100] INFO  o.e.m.c.i.e.AbstractTransferListenerAdapter - Downloaded https://repo.maven.apache.org/maven2/org/seleniumhq/selenium/selenium-api/3.0.1/selenium-api-3.0.1-sources.jar
2017-03-13 00:23:25,149 [Worker-100] INFO  o.e.m.j.internal.DownloadSourcesJob - Downloaded sources for org.seleniumhq.selenium:selenium-api:3.0.1
2017-03-13 00:23:25,545 [Worker-94] WARN  o.e.m.c.i.embedder.EclipseLogger - Using platform encoding (Cp1252 actually) to copy filtered resources, i.e. build is platform dependent!
2017-03-13 00:23:25,546 [Worker-94] INFO  o.e.m.c.i.embedder.EclipseLogger - skip non existing resourceDirectory C:\Users\Roland\workspace\learnAutomation\src\main\resources
2017-03-13 00:23:25,548 [Worker-94] WARN  o.e.m.c.i.embedder.EclipseLogger - Using platform encoding (Cp1252 actually) to copy filtered resources, i.e. build is platform dependent!
2017-03-13 00:23:25,552 [Worker-94] INFO  o.e.m.c.i.embedder.EclipseLogger - Copying 0 resource
2017-03-13 00:30:45,434 [Worker-96] WARN  o.e.m.c.i.embedder.EclipseLogger - Using platform encoding (Cp1252 actually) to copy filtered resources, i.e. build is platform dependent!
2017-03-13 00:30:45,435 [Worker-96] INFO  o.e.m.c.i.embedder.EclipseLogger - skip non existing resourceDirectory C:\Users\Roland\workspace\learnAutomation\src\main\resources
2017-03-13 00:30:45,437 [Worker-96] WARN  o.e.m.c.i.embedder.EclipseLogger - Using platform encoding (Cp1252 actually) to copy filtered resources, i.e. build is platform dependent!
2017-03-13 00:30:45,439 [Worker-96] INFO  o.e.m.c.i.embedder.EclipseLogger - Copying 1 resource
2017-03-13 00:32:29,531 [Worker-95] INFO  o.e.m.i.launch.MavenLaunchDelegate - C:\Users\Roland\workspace\learnAutomation
2017-03-13 00:32:29,532 [Worker-95] INFO  o.e.m.i.launch.MavenLaunchDelegate -  mvn -B test
2017-03-13 00:32:35,331 [Worker-94] WARN  o.e.m.c.i.embedder.EclipseLogger - Using platform encoding (Cp1252 actually) to copy filtered resources, i.e. build is platform dependent!
2017-03-13 00:32:35,334 [Worker-94] INFO  o.e.m.c.i.embedder.EclipseLogger - skip non existing resourceDirectory C:\Users\Roland\workspace\learnAutomation\src\main\resources
2017-03-13 00:32:35,336 [Worker-94] WARN  o.e.m.c.i.embedder.EclipseLogger - Using platform encoding (Cp1252 actually) to copy filtered resources, i.e. build is platform dependent!
2017-03-13 00:32:35,338 [Worker-94] INFO  o.e.m.c.i.embedder.EclipseLogger - Copying 0 resource
